  CubismCdiJson.cpp
  CubismDefaultParameterId.cpp
  CubismFramework.cpp
  CubismModelSettingJson.cpp
  CubismBreath.cpp
  CubismEyeBlink.cpp
  CubismPose.cpp
  CubismId.cpp
  CubismIdManager.cpp
  CubismMath.cpp
  CubismMatrix44.cpp
  CubismModelMatrix.cpp
  CubismTargetPoint.cpp
  CubismVector2.cpp
  CubismViewMatrix.cpp
  CubismMoc.cpp
  CubismModel.cpp
  CubismModelUserData.cpp
  CubismModelUserDataJson.cpp
  CubismUserModel.cpp
  Generating Code...
  Compiling...
  ACubismMotion.cpp
  CubismExpressionMotion.cpp
  CubismMotion.cpp
  CubismMotionJson.cpp
  CubismMotionManager.cpp
  CubismMotionQueueEntry.cpp
  CubismMotionQueueManager.cpp
  CubismPhysics.cpp
  CubismPhysicsJson.cpp
  CubismRenderer.cpp
  CubismOffscreenSurface_D3D11.cpp
  CubismRenderer_D3D11.cpp
  CubismRenderState_D3D11.cpp
  CubismShader_D3D11.cpp
  csmRectF.cpp
  csmString.cpp
  CubismDebug.cpp
  CubismJson.cpp
  CubismString.cpp
  Generating Code...
  Framework.vcxproj -> C:\Users\DELL GAMING\Desktop\CubismSdkForNative-4-r.1\CubismSdkForNative-4-r.1\Samples\D3D11\Demo\proj.d3d11.cmake\build\proj_msvc2017_x64_mt\Framework\Release\Framework.lib
